d:\code\projects\_loader\loader\temp\x64\release\imgui.obj
d:\code\projects\_loader\loader\temp\x64\release\imgui_impl_win32.obj
d:\code\projects\_loader\loader\temp\x64\release\main.obj
d:\code\projects\_loader\loader\temp\x64\release\utils.obj
d:\code\projects\_loader\loader\temp\x64\release\menu.obj
d:\code\projects\_loader\loader\temp\x64\release\intel_driver.obj
d:\code\projects\_loader\loader\temp\x64\release\globals.obj
d:\code\projects\_loader\loader\temp\x64\release\imgui_impl_dx9.obj
d:\code\projects\_loader\loader\temp\x64\release\kdmapper.obj
d:\code\projects\_loader\loader\temp\x64\release\imgui_demo.obj
d:\code\projects\_loader\loader\temp\x64\release\imgui_draw.obj
d:\code\projects\_loader\loader\temp\x64\release\imgui_tables.obj
d:\code\projects\_loader\loader\temp\x64\release\injector.obj
d:\code\projects\_loader\loader\temp\x64\release\service.obj
d:\code\projects\_loader\loader\temp\x64\release\sha1.obj
d:\code\projects\_loader\loader\temp\x64\release\portable_executable.obj
d:\code\projects\_loader\loader\temp\x64\release\imgui_widgets.obj
d:\code\projects\_loader\loader\temp\x64\release\memory.obj
d:\code\projects\_loader\loader\temp\x64\release\driver.obj
d:\code\projects\_loader\loader\temp\x64\release\launch.obj
d:\code\projects\_loader\loader\temp\x64\release\vc143.pdb
d:\code\projects\_loader\loader\temp\x64\release\kdmain.obj
d:\code\projects\_loader\build\x64\release\loader.exe
d:\code\projects\_loader\loader\temp\x64\release\loader.ipdb
d:\code\projects\_loader\build\x64\release\loader.pdb
d:\code\projects\_loader\loader\temp\x64\release\loader.iobj
d:\code\projects\_loader\loader\temp\x64\release\loader.tlog\cl.command.1.tlog
d:\code\projects\_loader\loader\temp\x64\release\loader.tlog\cl.items.tlog
d:\code\projects\_loader\loader\temp\x64\release\loader.tlog\cl.read.1.tlog
d:\code\projects\_loader\loader\temp\x64\release\loader.tlog\cl.write.1.tlog
d:\code\projects\_loader\loader\temp\x64\release\loader.tlog\link.command.1.tlog
d:\code\projects\_loader\loader\temp\x64\release\loader.tlog\link.read.1.tlog
d:\code\projects\_loader\loader\temp\x64\release\loader.tlog\link.write.1.tlog
